<?xml version="1.0" encoding="UTF-8"?>
<!-- Generated by org.testng.reporters.JUnitReportReporter -->
<testsuite hostname="Rupjit-VAIO" name="gridTest.ParallelGrid_Browser" tests="2" failures="0" timestamp="12 Mar 2016 12:34:12 GMT" time="29.157" errors="0">
  <testcase name="launchBrowser" time="14.523" classname="gridTest.ParallelGrid_Browser"/>
  <testcase name="launchBrowser" time="14.634" classname="gridTest.ParallelGrid_Browser"/>
</testsuite> <!-- gridTest.ParallelGrid_Browser -->
