<?xml version="1.0" encoding="UTF-8"?>
<!-- Generated by org.testng.reporters.JUnitXMLReporter -->
<testsuite hostname="Rupjit-VAIO" name="Test-Firefox" tests="1" failures="0" timestamp="12 Mar 2016 17:51:17 GMT" time="15.059" errors="0">
  <testcase name="goToURL" time="7.862" classname="pack1.TestBase"/>
</testsuite> <!-- Test-Firefox -->
