<?xml version="1.0" encoding="UTF-8"?>
<!-- Generated by org.testng.reporters.JUnitReportReporter -->
<testsuite hostname="Rupjit-VAIO" name="pack1.TestBase" tests="2" failures="0" timestamp="12 Mar 2016 17:51:17 GMT" time="29.921" errors="0">
  <testcase name="goToURL" time="14.878" classname="pack1.TestBase"/>
  <testcase name="goToURL" time="15.043" classname="pack1.TestBase"/>
</testsuite> <!-- pack1.TestBase -->
